<?xml version="1.0" encoding="UTF-8"?>
<!-- Generated by org.testng.reporters.JUnitXMLReporter -->
<testsuite ignored="0" hostname="Reshma-PC" failures="0" tests="3" name="Test" time="22.393" errors="0" timestamp="2022-11-09T07:27:49 IST">
  <testcase classname="Login.LoginWitoutUNPWD" name="loginwithoutun" time="9.877"/>
  <testcase classname="Login.LoginWitoutPassword" name="loginwithoutun" time="5.169"/>
  <testcase classname="Login.LoginWitoutUsername" name="loginwithoutun" time="7.254"/>
</testsuite> <!-- Test -->
